cl : 命令行 warning D9025: 正在重写“/sdl”(用“/GS-”)
  stdafx.cpp
cl : 命令行 warning D9025: 正在重写“/sdl”(用“/GS-”)
  cec17_test_func.cpp
d:\workspace\github\soco\display\display\cec17_test_func.cpp(114): warning C4996: 'sprintf': This function or variable may be unsafe. Consider using sprintf_s instead. To disable deprecation, use _CRT_SECURE_NO_WARNINGS. See online help for details.
  c:\program files (x86)\windows kits\10\include\10.0.17134.0\ucrt\stdio.h(1774): note: 参见“sprintf”的声明
d:\workspace\github\soco\display\display\cec17_test_func.cpp(115): warning C4996: 'fopen': This function or variable may be unsafe. Consider using fopen_s instead. To disable deprecation, use _CRT_SECURE_NO_WARNINGS. See online help for details.
  c:\program files (x86)\windows kits\10\include\10.0.17134.0\ucrt\stdio.h(208): note: 参见“fopen”的声明
d:\workspace\github\soco\display\display\cec17_test_func.cpp(127): warning C4996: 'fscanf': This function or variable may be unsafe. Consider using fscanf_s instead. To disable deprecation, use _CRT_SECURE_NO_WARNINGS. See online help for details.
  c:\program files (x86)\windows kits\10\include\10.0.17134.0\ucrt\stdio.h(1197): note: 参见“fscanf”的声明
d:\workspace\github\soco\display\display\cec17_test_func.cpp(137): warning C4996: 'fscanf': This function or variable may be unsafe. Consider using fscanf_s instead. To disable deprecation, use _CRT_SECURE_NO_WARNINGS. See online help for details.
  c:\program files (x86)\windows kits\10\include\10.0.17134.0\ucrt\stdio.h(1197): note: 参见“fscanf”的声明
d:\workspace\github\soco\display\display\cec17_test_func.cpp(143): warning C4996: 'sprintf': This function or variable may be unsafe. Consider using sprintf_s instead. To disable deprecation, use _CRT_SECURE_NO_WARNINGS. See online help for details.
  c:\program files (x86)\windows kits\10\include\10.0.17134.0\ucrt\stdio.h(1774): note: 参见“sprintf”的声明
d:\workspace\github\soco\display\display\cec17_test_func.cpp(144): warning C4996: 'fopen': This function or variable may be unsafe. Consider using fopen_s instead. To disable deprecation, use _CRT_SECURE_NO_WARNINGS. See online help for details.
  c:\program files (x86)\windows kits\10\include\10.0.17134.0\ucrt\stdio.h(208): note: 参见“fopen”的声明
d:\workspace\github\soco\display\display\cec17_test_func.cpp(157): warning C4996: 'fscanf': This function or variable may be unsafe. Consider using fscanf_s instead. To disable deprecation, use _CRT_SECURE_NO_WARNINGS. See online help for details.
  c:\program files (x86)\windows kits\10\include\10.0.17134.0\ucrt\stdio.h(1197): note: 参见“fscanf”的声明
d:\workspace\github\soco\display\display\cec17_test_func.cpp(169): warning C4996: 'fscanf': This function or variable may be unsafe. Consider using fscanf_s instead. To disable deprecation, use _CRT_SECURE_NO_WARNINGS. See online help for details.
  c:\program files (x86)\windows kits\10\include\10.0.17134.0\ucrt\stdio.h(1197): note: 参见“fscanf”的声明
d:\workspace\github\soco\display\display\cec17_test_func.cpp(171): warning C4996: 'fscanf': This function or variable may be unsafe. Consider using fscanf_s instead. To disable deprecation, use _CRT_SECURE_NO_WARNINGS. See online help for details.
  c:\program files (x86)\windows kits\10\include\10.0.17134.0\ucrt\stdio.h(1197): note: 参见“fscanf”的声明
d:\workspace\github\soco\display\display\cec17_test_func.cpp(175): warning C4996: 'fscanf': This function or variable may be unsafe. Consider using fscanf_s instead. To disable deprecation, use _CRT_SECURE_NO_WARNINGS. See online help for details.
  c:\program files (x86)\windows kits\10\include\10.0.17134.0\ucrt\stdio.h(1197): note: 参见“fscanf”的声明
d:\workspace\github\soco\display\display\cec17_test_func.cpp(186): warning C4996: 'sprintf': This function or variable may be unsafe. Consider using sprintf_s instead. To disable deprecation, use _CRT_SECURE_NO_WARNINGS. See online help for details.
  c:\program files (x86)\windows kits\10\include\10.0.17134.0\ucrt\stdio.h(1774): note: 参见“sprintf”的声明
d:\workspace\github\soco\display\display\cec17_test_func.cpp(187): warning C4996: 'fopen': This function or variable may be unsafe. Consider using fopen_s instead. To disable deprecation, use _CRT_SECURE_NO_WARNINGS. See online help for details.
  c:\program files (x86)\windows kits\10\include\10.0.17134.0\ucrt\stdio.h(208): note: 参见“fopen”的声明
d:\workspace\github\soco\display\display\cec17_test_func.cpp(197): warning C4996: 'fscanf': This function or variable may be unsafe. Consider using fscanf_s instead. To disable deprecation, use _CRT_SECURE_NO_WARNINGS. See online help for details.
  c:\program files (x86)\windows kits\10\include\10.0.17134.0\ucrt\stdio.h(1197): note: 参见“fscanf”的声明
d:\workspace\github\soco\display\display\cec17_test_func.cpp(203): warning C4996: 'sprintf': This function or variable may be unsafe. Consider using sprintf_s instead. To disable deprecation, use _CRT_SECURE_NO_WARNINGS. See online help for details.
  c:\program files (x86)\windows kits\10\include\10.0.17134.0\ucrt\stdio.h(1774): note: 参见“sprintf”的声明
d:\workspace\github\soco\display\display\cec17_test_func.cpp(204): warning C4996: 'fopen': This function or variable may be unsafe. Consider using fopen_s instead. To disable deprecation, use _CRT_SECURE_NO_WARNINGS. See online help for details.
  c:\program files (x86)\windows kits\10\include\10.0.17134.0\ucrt\stdio.h(208): note: 参见“fopen”的声明
d:\workspace\github\soco\display\display\cec17_test_func.cpp(214): warning C4996: 'fscanf': This function or variable may be unsafe. Consider using fscanf_s instead. To disable deprecation, use _CRT_SECURE_NO_WARNINGS. See online help for details.
  c:\program files (x86)\windows kits\10\include\10.0.17134.0\ucrt\stdio.h(1197): note: 参见“fscanf”的声明
d:\workspace\github\soco\display\display\cec17_test_func.cpp(456): warning C4101: “j”: 未引用的局部变量
d:\workspace\github\soco\display\display\cec17_test_func.cpp(863): warning C4244: “=”: 从“double”转换到“int”，可能丢失数据
d:\workspace\github\soco\display\display\cec17_test_func.cpp(902): warning C4244: “=”: 从“double”转换到“int”，可能丢失数据
d:\workspace\github\soco\display\display\cec17_test_func.cpp(943): warning C4244: “=”: 从“double”转换到“int”，可能丢失数据
d:\workspace\github\soco\display\display\cec17_test_func.cpp(986): warning C4244: “=”: 从“double”转换到“int”，可能丢失数据
d:\workspace\github\soco\display\display\cec17_test_func.cpp(1029): warning C4244: “=”: 从“double”转换到“int”，可能丢失数据
d:\workspace\github\soco\display\display\cec17_test_func.cpp(1072): warning C4244: “=”: 从“double”转换到“int”，可能丢失数据
d:\workspace\github\soco\display\display\cec17_test_func.cpp(1115): warning C4244: “=”: 从“double”转换到“int”，可能丢失数据
d:\workspace\github\soco\display\display\cec17_test_func.cpp(1160): warning C4244: “=”: 从“double”转换到“int”，可能丢失数据
d:\workspace\github\soco\display\display\cec17_test_func.cpp(1206): warning C4244: “=”: 从“double”转换到“int”，可能丢失数据
d:\workspace\github\soco\display\display\cec17_test_func.cpp(1253): warning C4244: “=”: 从“double”转换到“int”，可能丢失数据
  CInputDlg.cpp
  display.cpp
  displayDoc.cpp
  displayView.cpp
d:\workspace\github\soco\display\display\displayview.cpp(260): warning C4244: “初始化”: 从“double”转换到“int”，可能丢失数据
d:\workspace\github\soco\display\display\displayview.cpp(261): warning C4244: “=”: 从“double”转换到“int”，可能丢失数据
d:\workspace\github\soco\display\display\displayview.cpp(262): warning C4244: “=”: 从“double”转换到“int”，可能丢失数据
d:\workspace\github\soco\display\display\displayview.cpp(264): warning C4244: “参数”: 从“double”转换到“int”，可能丢失数据
d:\workspace\github\soco\display\display\displayview.cpp(265): warning C4244: “参数”: 从“double”转换到“int”，可能丢失数据
d:\workspace\github\soco\display\display\displayview.cpp(346): warning C4244: “参数”: 从“double”转换到“int”，可能丢失数据
d:\workspace\github\soco\display\display\displayview.cpp(347): warning C4244: “参数”: 从“double”转换到“int”，可能丢失数据
  MainFrm.cpp
  正在生成代码
  All 351 functions were compiled because no usable IPDB/IOBJ from previous compilation was found.
  已完成代码的生成
  display.vcxproj -> D:\Workspace\GitHub\SOCO\display\Release\display.exe
