  cec17_test_func.cpp
d:\workspace\github\soco\display\display\cec17_test_func.cpp(113): error C4996: 'sprintf': This function or variable may be unsafe. Consider using sprintf_s instead. To disable deprecation, use _CRT_SECURE_NO_WARNINGS. See online help for details.
  c:\program files (x86)\windows kits\10\include\10.0.17134.0\ucrt\stdio.h(1774): note: 参见“sprintf”的声明
d:\workspace\github\soco\display\display\cec17_test_func.cpp(114): error C4996: 'fopen': This function or variable may be unsafe. Consider using fopen_s instead. To disable deprecation, use _CRT_SECURE_NO_WARNINGS. See online help for details.
  c:\program files (x86)\windows kits\10\include\10.0.17134.0\ucrt\stdio.h(208): note: 参见“fopen”的声明
d:\workspace\github\soco\display\display\cec17_test_func.cpp(126): error C4996: 'fscanf': This function or variable may be unsafe. Consider using fscanf_s instead. To disable deprecation, use _CRT_SECURE_NO_WARNINGS. See online help for details.
  c:\program files (x86)\windows kits\10\include\10.0.17134.0\ucrt\stdio.h(1197): note: 参见“fscanf”的声明
d:\workspace\github\soco\display\display\cec17_test_func.cpp(136): error C4996: 'fscanf': This function or variable may be unsafe. Consider using fscanf_s instead. To disable deprecation, use _CRT_SECURE_NO_WARNINGS. See online help for details.
  c:\program files (x86)\windows kits\10\include\10.0.17134.0\ucrt\stdio.h(1197): note: 参见“fscanf”的声明
d:\workspace\github\soco\display\display\cec17_test_func.cpp(142): error C4996: 'sprintf': This function or variable may be unsafe. Consider using sprintf_s instead. To disable deprecation, use _CRT_SECURE_NO_WARNINGS. See online help for details.
  c:\program files (x86)\windows kits\10\include\10.0.17134.0\ucrt\stdio.h(1774): note: 参见“sprintf”的声明
d:\workspace\github\soco\display\display\cec17_test_func.cpp(143): error C4996: 'fopen': This function or variable may be unsafe. Consider using fopen_s instead. To disable deprecation, use _CRT_SECURE_NO_WARNINGS. See online help for details.
  c:\program files (x86)\windows kits\10\include\10.0.17134.0\ucrt\stdio.h(208): note: 参见“fopen”的声明
d:\workspace\github\soco\display\display\cec17_test_func.cpp(156): error C4996: 'fscanf': This function or variable may be unsafe. Consider using fscanf_s instead. To disable deprecation, use _CRT_SECURE_NO_WARNINGS. See online help for details.
  c:\program files (x86)\windows kits\10\include\10.0.17134.0\ucrt\stdio.h(1197): note: 参见“fscanf”的声明
d:\workspace\github\soco\display\display\cec17_test_func.cpp(168): error C4996: 'fscanf': This function or variable may be unsafe. Consider using fscanf_s instead. To disable deprecation, use _CRT_SECURE_NO_WARNINGS. See online help for details.
  c:\program files (x86)\windows kits\10\include\10.0.17134.0\ucrt\stdio.h(1197): note: 参见“fscanf”的声明
d:\workspace\github\soco\display\display\cec17_test_func.cpp(170): error C4996: 'fscanf': This function or variable may be unsafe. Consider using fscanf_s instead. To disable deprecation, use _CRT_SECURE_NO_WARNINGS. See online help for details.
  c:\program files (x86)\windows kits\10\include\10.0.17134.0\ucrt\stdio.h(1197): note: 参见“fscanf”的声明
d:\workspace\github\soco\display\display\cec17_test_func.cpp(174): error C4996: 'fscanf': This function or variable may be unsafe. Consider using fscanf_s instead. To disable deprecation, use _CRT_SECURE_NO_WARNINGS. See online help for details.
  c:\program files (x86)\windows kits\10\include\10.0.17134.0\ucrt\stdio.h(1197): note: 参见“fscanf”的声明
d:\workspace\github\soco\display\display\cec17_test_func.cpp(185): error C4996: 'sprintf': This function or variable may be unsafe. Consider using sprintf_s instead. To disable deprecation, use _CRT_SECURE_NO_WARNINGS. See online help for details.
  c:\program files (x86)\windows kits\10\include\10.0.17134.0\ucrt\stdio.h(1774): note: 参见“sprintf”的声明
d:\workspace\github\soco\display\display\cec17_test_func.cpp(186): error C4996: 'fopen': This function or variable may be unsafe. Consider using fopen_s instead. To disable deprecation, use _CRT_SECURE_NO_WARNINGS. See online help for details.
  c:\program files (x86)\windows kits\10\include\10.0.17134.0\ucrt\stdio.h(208): note: 参见“fopen”的声明
d:\workspace\github\soco\display\display\cec17_test_func.cpp(196): error C4996: 'fscanf': This function or variable may be unsafe. Consider using fscanf_s instead. To disable deprecation, use _CRT_SECURE_NO_WARNINGS. See online help for details.
  c:\program files (x86)\windows kits\10\include\10.0.17134.0\ucrt\stdio.h(1197): note: 参见“fscanf”的声明
d:\workspace\github\soco\display\display\cec17_test_func.cpp(202): error C4996: 'sprintf': This function or variable may be unsafe. Consider using sprintf_s instead. To disable deprecation, use _CRT_SECURE_NO_WARNINGS. See online help for details.
  c:\program files (x86)\windows kits\10\include\10.0.17134.0\ucrt\stdio.h(1774): note: 参见“sprintf”的声明
d:\workspace\github\soco\display\display\cec17_test_func.cpp(203): error C4996: 'fopen': This function or variable may be unsafe. Consider using fopen_s instead. To disable deprecation, use _CRT_SECURE_NO_WARNINGS. See online help for details.
  c:\program files (x86)\windows kits\10\include\10.0.17134.0\ucrt\stdio.h(208): note: 参见“fopen”的声明
d:\workspace\github\soco\display\display\cec17_test_func.cpp(213): error C4996: 'fscanf': This function or variable may be unsafe. Consider using fscanf_s instead. To disable deprecation, use _CRT_SECURE_NO_WARNINGS. See online help for details.
  c:\program files (x86)\windows kits\10\include\10.0.17134.0\ucrt\stdio.h(1197): note: 参见“fscanf”的声明
d:\workspace\github\soco\display\display\cec17_test_func.cpp(455): warning C4101: “j”: 未引用的局部变量
d:\workspace\github\soco\display\display\cec17_test_func.cpp(862): warning C4244: “=”: 从“double”转换到“int”，可能丢失数据
d:\workspace\github\soco\display\display\cec17_test_func.cpp(901): warning C4244: “=”: 从“double”转换到“int”，可能丢失数据
d:\workspace\github\soco\display\display\cec17_test_func.cpp(942): warning C4244: “=”: 从“double”转换到“int”，可能丢失数据
d:\workspace\github\soco\display\display\cec17_test_func.cpp(985): warning C4244: “=”: 从“double”转换到“int”，可能丢失数据
d:\workspace\github\soco\display\display\cec17_test_func.cpp(1028): warning C4244: “=”: 从“double”转换到“int”，可能丢失数据
d:\workspace\github\soco\display\display\cec17_test_func.cpp(1071): warning C4244: “=”: 从“double”转换到“int”，可能丢失数据
d:\workspace\github\soco\display\display\cec17_test_func.cpp(1114): warning C4244: “=”: 从“double”转换到“int”，可能丢失数据
d:\workspace\github\soco\display\display\cec17_test_func.cpp(1159): warning C4244: “=”: 从“double”转换到“int”，可能丢失数据
d:\workspace\github\soco\display\display\cec17_test_func.cpp(1205): warning C4244: “=”: 从“double”转换到“int”，可能丢失数据
d:\workspace\github\soco\display\display\cec17_test_func.cpp(1252): warning C4244: “=”: 从“double”转换到“int”，可能丢失数据
  display.cpp
  displayView.cpp
d:\workspace\github\soco\display\display\displayview.cpp(66): error C2065: “func”: 未声明的标识符
d:\workspace\github\soco\display\display\displayview.cpp(66): error C2228: “.cec17_test_func”的左边必须有类/结构/联合
  d:\workspace\github\soco\display\display\displayview.cpp(66): note: 类型是“unknown-type”
  正在生成代码...
